#! /usr/local/Cellar/icarus-verilog/10.0/bin/vvp
:ivl_version "10.0 (stable)" "(v10_0)";
:ivl_delay_selection "TYPICAL";
:vpi_time_precision - 10;
:vpi_module "system";
:vpi_module "vhdl_sys";
:vpi_module "v2005_math";
:vpi_module "va_math";
S_0x7fb50ac057a0 .scope module, "seq_mult_tb" "seq_mult_tb" 2 9;
 .timescale -9 -10;
v0x7fb50ac23bc0_0 .var "a", 255 0;
v0x7fb50ac23c50_0 .var "b", 255 0;
v0x7fb50ac23ce0_0 .var "clk", 0 0;
v0x7fb50ac23db0_0 .net "done", 0 0, L_0x7fb50ac244a0;  1 drivers
v0x7fb50ac23e60_0 .net "product", 511 0, v0x7fb50ac23930_0;  1 drivers
v0x7fb50ac23f30_0 .var "start", 0 0;
E_0x7fb50ac12680 .event negedge, v0x7fb50ac237e0_0;
E_0x7fb50ac0fd90 .event negedge, v0x7fb50ac23630_0;
S_0x7fb50ac0a380 .scope module, "seq" "seq_mult_256bit" 2 33, 3 4 0, S_0x7fb50ac057a0;
 .timescale 0 0;
    .port_info 0 /OUTPUT 512 "product"
    .port_info 1 /OUTPUT 1 "done"
    .port_info 2 /INPUT 256 "a"
    .port_info 3 /INPUT 256 "b"
    .port_info 4 /INPUT 1 "clk"
    .port_info 5 /INPUT 1 "start"
L_0x1023ac008 .functor BUFT 1, C4<0>, C4<0>, C4<0>, C4<0>;
v0x7fb50ac05900_0 .net/2u *"_s0", 0 0, L_0x1023ac008;  1 drivers
v0x7fb50ac231e0_0 .net *"_s3", 255 0, L_0x7fb50ac24000;  1 drivers
v0x7fb50ac23280_0 .net *"_s4", 256 0, L_0x7fb50ac24100;  1 drivers
L_0x1023ac050 .functor BUFT 1, C4<0>, C4<0>, C4<0>, C4<0>;
v0x7fb50ac23330_0 .net/2u *"_s6", 0 0, L_0x1023ac050;  1 drivers
v0x7fb50ac233e0_0 .net *"_s8", 256 0, L_0x7fb50ac24240;  1 drivers
v0x7fb50ac234d0_0 .net "a", 255 0, v0x7fb50ac23bc0_0;  1 drivers
v0x7fb50ac23580_0 .net "b", 255 0, v0x7fb50ac23c50_0;  1 drivers
v0x7fb50ac23630_0 .net "clk", 0 0, v0x7fb50ac23ce0_0;  1 drivers
v0x7fb50ac236d0_0 .var "delay", 255 0;
v0x7fb50ac237e0_0 .net "done", 0 0, L_0x7fb50ac244a0;  alias, 1 drivers
v0x7fb50ac23880_0 .var "multiplicand", 255 0;
v0x7fb50ac23930_0 .var "product", 511 0;
v0x7fb50ac239e0_0 .net "start", 0 0, v0x7fb50ac23f30_0;  1 drivers
v0x7fb50ac23a80_0 .net "sum", 256 0, L_0x7fb50ac24360;  1 drivers
E_0x7fb50ac0adc0 .event posedge, v0x7fb50ac23630_0;
L_0x7fb50ac24000 .part v0x7fb50ac23930_0, 256, 256;
L_0x7fb50ac24100 .concat [ 256 1 0 0], L_0x7fb50ac24000, L_0x1023ac008;
L_0x7fb50ac24240 .concat [ 256 1 0 0], v0x7fb50ac23880_0, L_0x1023ac050;
L_0x7fb50ac24360 .arith/sum 257, L_0x7fb50ac24100, L_0x7fb50ac24240;
L_0x7fb50ac244a0 .part v0x7fb50ac236d0_0, 0, 1;
    .scope S_0x7fb50ac0a380;
T_0 ;
    %wait E_0x7fb50ac0adc0;
    %load/vec4 v0x7fb50ac239e0_0;
    %flag_set/vec4 8;
    %jmp/0xz  T_0.0, 8;
    %pushi/vec4 0, 0, 256;
    %store/vec4 v0x7fb50ac236d0_0, 0, 256;
    %pushi/vec4 1, 0, 1;
    %ix/load 4, 255, 0;
    %flag_set/imm 4, 0;
    %store/vec4 v0x7fb50ac236d0_0, 4, 1;
    %load/vec4 v0x7fb50ac234d0_0;
    %store/vec4 v0x7fb50ac23880_0, 0, 256;
    %load/vec4 v0x7fb50ac23580_0;
    %parti/s 1, 0, 2;
    %flag_set/vec4 8;
    %jmp/0xz  T_0.2, 8;
    %pushi/vec4 0, 0, 1;
    %load/vec4 v0x7fb50ac234d0_0;
    %concat/vec4; draw_concat_vec4
    %load/vec4 v0x7fb50ac23580_0;
    %parti/s 255, 1, 2;
    %concat/vec4; draw_concat_vec4
    %assign/vec4 v0x7fb50ac23930_0, 0;
    %jmp T_0.3;
T_0.2 ;
    %pushi/vec4 0, 0, 1;
    %concati/vec4 0, 0, 256;
    %load/vec4 v0x7fb50ac23580_0;
    %parti/s 255, 1, 2;
    %concat/vec4; draw_concat_vec4
    %assign/vec4 v0x7fb50ac23930_0, 0;
T_0.3 ;
    %jmp T_0.1;
T_0.0 ;
    %pushi/vec4 0, 0, 1;
    %load/vec4 v0x7fb50ac236d0_0;
    %parti/s 255, 1, 2;
    %concat/vec4; draw_concat_vec4
    %store/vec4 v0x7fb50ac236d0_0, 0, 256;
    %load/vec4 v0x7fb50ac23930_0;
    %parti/s 1, 0, 2;
    %flag_set/vec4 8;
    %jmp/0xz  T_0.4, 8;
    %load/vec4 v0x7fb50ac23a80_0;
    %load/vec4 v0x7fb50ac23930_0;
    %parti/s 255, 1, 2;
    %concat/vec4; draw_concat_vec4
    %assign/vec4 v0x7fb50ac23930_0, 0;
    %jmp T_0.5;
T_0.4 ;
    %pushi/vec4 0, 0, 1;
    %load/vec4 v0x7fb50ac23930_0;
    %parti/s 511, 1, 2;
    %concat/vec4; draw_concat_vec4
    %assign/vec4 v0x7fb50ac23930_0, 0;
T_0.5 ;
T_0.1 ;
    %jmp T_0;
    .thread T_0;
    .scope S_0x7fb50ac057a0;
T_1 ;
    %pushi/vec4 0, 0, 1;
    %store/vec4 v0x7fb50ac23ce0_0, 0, 1;
    %end;
    .thread T_1;
    .scope S_0x7fb50ac057a0;
T_2 ;
    %delay 1000, 0;
    %load/vec4 v0x7fb50ac23ce0_0;
    %inv;
    %store/vec4 v0x7fb50ac23ce0_0, 0, 1;
    %jmp T_2;
    .thread T_2;
    .scope S_0x7fb50ac057a0;
T_3 ;
    %vpi_call 2 43 "$display", "<< Starting Simulation >>\012" {0 0 0};
    %pushi/vec4 0, 0, 1;
    %store/vec4 v0x7fb50ac23ce0_0, 0, 1;
    %wait E_0x7fb50ac0fd90;
    %pushi/vec4 2, 0, 256;
    %store/vec4 v0x7fb50ac23bc0_0, 0, 256;
    %pushi/vec4 2, 0, 256;
    %store/vec4 v0x7fb50ac23c50_0, 0, 256;
    %pushi/vec4 1, 0, 1;
    %store/vec4 v0x7fb50ac23f30_0, 0, 1;
    %wait E_0x7fb50ac0fd90;
    %pushi/vec4 0, 0, 1;
    %store/vec4 v0x7fb50ac23f30_0, 0, 1;
    %wait E_0x7fb50ac12680;
    %vpi_call 2 55 "$display", "x3: %0d", v0x7fb50ac23e60_0 {0 0 0};
    %vpi_call 2 56 "$display", "done: %d", v0x7fb50ac23db0_0 {0 0 0};
    %vpi_call 2 58 "$display", "\012<< End of simulation >>" {0 0 0};
    %vpi_call 2 59 "$finish" {0 0 0};
    %end;
    .thread T_3;
# The file index is used to find the file name in the following table.
:file_names 4;
    "N/A";
    "<interactive>";
    "src/seq_mult_tb.v";
    "src/seq_mult.v";
